
Chromatic CLI v9.0.0
https://www.chromatic.com/docs/cli

Authenticating with Chromatic
    → Connecting to https://index.chromatic.com
Authenticated with Chromatic
    → Using project token '****************2b9a'
Retrieving git information
Retrieved git information
    → Commit '518678c' on branch 'main'; no ancestor found
Collecting Storybook metadata
Collected Storybook metadata
    → Storybook 7.5.2 for React; using the @storybook/react-vite builder (7.5.2); supported addons found: Links, Essentials, Interactions, A11y
Initializing build
Initialized build
    → Build 1 initialized
Building your Storybook
    → Running command: yarn run build-storybook --output-dir /var/folders/kx/0nt743pn3nq7lsz7lsf64_z40000gn/T/chromatic--35517-RIdzTjYFAj56
Storybook built in 8 seconds
    → View build log at /Users/apple/Desktop/taskbox/build-storybook.log
Publish your built Storybook
    → Validating Storybook files
Publishing your built Storybook
    → Retrieving target location
    → Starting publish
    → [                    ] 0%
    → [=                   ] 5%
    → [=                   ] 7%
    → [==                  ] 9%
    → [==                  ] 10%
    → [==                  ] 11%
    → [==                  ] 12%
    → [===                 ] 13%
    → [===                 ] 14%
    → [===                 ] 16%
    → [====                ] 18%
    → [====                ] 19%
    → [====                ] 20%
    → [====                ] 21%
    → [====                ] 22%
    → [=====               ] 23%
    → [=====               ] 24%
    → [=====               ] 25%
    → [=====               ] 27%
    → [======              ] 29%
    → [======              ] 31%
    → [======              ] 32%
    → [=======             ] 33%
    → [=======             ] 34%
    → [=======             ] 35%
    → [========            ] 38%
    → [========            ] 39%
    → [========            ] 40%
    → [========            ] 41%
    → [========            ] 42%
    → [=========           ] 44%
    → [=========           ] 45%
    → [=========           ] 47%
    → [==========          ] 48%
    → [==========          ] 49%
    → [==========          ] 50%
    → [==========          ] 51%
    → [===========         ] 53%
    → [===========         ] 54%
    → [===========         ] 55%
    → [===========         ] 56%
    → [============        ] 58%
    → [============        ] 59%
    → [============        ] 61%
    → [=============       ] 63%
    → [=============       ] 64%
    → [=============       ] 65%
    → [=============       ] 66%
    → [=============       ] 67%
    → [==============      ] 68%
    → [==============      ] 69%
    → [==============      ] 70%
    → [==============      ] 71%
    → [==============      ] 72%
    → [===============     ] 73%
    → [===============     ] 74%
    → [===============     ] 75%
    → [===============     ] 76%
    → [===============     ] 77%
    → [================    ] 78%
    → [================    ] 79%
    → [================    ] 80%
    → [================    ] 81%
    → [================    ] 82%
    → [=================   ] 83%
    → [=================   ] 84%
    → [=================   ] 86%
    → [=================   ] 87%
    → [==================  ] 88%
    → [==================  ] 89%
    → [==================  ] 90%
    → [==================  ] 91%
    → [==================  ] 92%
    → [=================== ] 93%
    → [=================== ] 94%
    → [=================== ] 95%
    → [=================== ] 96%
    → [====================] 98%
    → [====================] 99%
    → [====================] 100%
Publish complete in 37 seconds
    → View your Storybook at https://65549f2ae7efa5fab31d91f3-fmttsunwef.chromatic.com
Verifying your Storybook
    → This may take a few minutes
Started build 1
    → Continue setup at https://www.chromatic.com/setup?appId=65549f2ae7efa5fab31d91f3
Running 9 tests
    → This may take a few minutes
ℹ Speed up Continuous Integration
Your project is linked to GitHub so Chromatic will report results there.
This means you can pass the --exit-once-uploaded flag to skip waiting for build results.
Read more here: https://www.chromatic.com/docs/cli#chromatic-options
    → [==                  ] 1/9  InboxScreen › Default 
    → [=======             ] 3/9  Task › Default 
    → [===========         ] 5/9  Task › Archived 
    → [================    ] 7/9  TaskList › With Pinned Tasks 
    → [====================] 9/9  TaskList › Empty 
✔ Build passed. Welcome to Chromatic!
We found 3 components with 9 stories and took 9 snapshots.
ℹ Please continue setup at https://www.chromatic.com/setup?appId=65549f2ae7efa5fab31d91f3
Build 1 auto-accepted
    → Tested 9 stories across 3 components; captured 9 snapshots in 40 seconds


